<?xml version="1.0" encoding="UTF-8"?>
<!-- Generated by org.testng.reporters.JUnitXMLReporter -->
<testsuite hostname="LAPTOP-5N2R7V8O" ignored="1" name="Default test" tests="1" failures="0" timestamp="29 Sep 2019 19:29:51 GMT" time="11.527" errors="0">
  <testcase name="validateLoginFuctionalityUsingCorrectCredentials" time="2.014" classname="com.sstech.TestCase.TestLogInFuctionality"/>
  <testcase name="validateLoginFuctionalityUsingInCorrectCredentials" time="0.0" classname="com.sstech.TestCase.TestLogInFuctionality">
    <ignored/>
  </testcase> <!-- validateLoginFuctionalityUsingInCorrectCredentials -->
</testsuite> <!-- Default test -->
