<?xml version="1.0" encoding="UTF-8"?>
<testng-results skipped="0" failed="0" ignored="1" total="2" passed="1">
  <reporter-output>
  </reporter-output>
  <suite name="Default suite" duration-ms="11527" started-at="2019-09-29T19:29:39Z" finished-at="2019-09-29T19:29:51Z">
    <groups>
    </groups>
    <test name="Default test" duration-ms="11527" started-at="2019-09-29T19:29:39Z" finished-at="2019-09-29T19:29:51Z">
      <class name="com.sstech.TestCase.TestLogInFuctionality">
        <test-method status="PASS" signature="initDriver()[pri:0, instance:com.sstech.TestCase.TestLogInFuctionality@4678c730]" name="initDriver" is-config="true" duration-ms="9485" started-at="2019-09-29T19:29:39Z" finished-at="2019-09-29T19:29:49Z">
          <reporter-output>
          </reporter-output>
        </test-method> <!-- initDriver -->
        <test-method status="PASS" signature="validateLoginFuctionalityUsingCorrectCredentials()[pri:0, instance:com.sstech.TestCase.TestLogInFuctionality@4678c730]" name="validateLoginFuctionalityUsingCorrectCredentials" duration-ms="2014" started-at="2019-09-29T19:29:49Z" finished-at="2019-09-29T19:29:51Z">
          <reporter-output>
          </reporter-output>
        </test-method> <!-- validateLoginFuctionalityUsingCorrectCredentials -->
      </class> <!-- com.sstech.TestCase.TestLogInFuctionality -->
    </test> <!-- Default test -->
  </suite> <!-- Default suite -->
</testng-results>
