<?xml version="1.0" encoding="UTF-8"?>
<testng-results skipped="0" failed="0" ignored="0" total="1" passed="1">
  <reporter-output>
  </reporter-output>
  <suite name="Default suite" duration-ms="11978" started-at="2019-10-09T01:00:38Z" finished-at="2019-10-09T01:00:50Z">
    <groups>
    </groups>
    <test name="Default test" duration-ms="11978" started-at="2019-10-09T01:00:38Z" finished-at="2019-10-09T01:00:50Z">
      <class name="com.sstech.TestCase.TestLogOutFunctionality">
        <test-method status="PASS" signature="initDriver()[pri:0, instance:com.sstech.TestCase.TestLogOutFunctionality@6f7fd0e6]" name="initDriver" is-config="true" duration-ms="7636" started-at="2019-10-09T01:00:38Z" finished-at="2019-10-09T01:00:46Z">
          <reporter-output>
          </reporter-output>
        </test-method> <!-- initDriver -->
        <test-method status="PASS" signature="initPageElements()[pri:0, instance:com.sstech.TestCase.TestLogOutFunctionality@6f7fd0e6]" name="initPageElements" is-config="true" duration-ms="47" started-at="2019-10-09T01:00:46Z" depends-on-methods="com.sstech.core.TestBase.initDriver" finished-at="2019-10-09T01:00:46Z">
          <reporter-output>
          </reporter-output>
        </test-method> <!-- initPageElements -->
        <test-method status="PASS" signature="validateLogoutFuctionality()[pri:0, instance:com.sstech.TestCase.TestLogOutFunctionality@6f7fd0e6]" name="validateLogoutFuctionality" duration-ms="4217" started-at="2019-10-09T01:00:46Z" finished-at="2019-10-09T01:00:50Z">
          <reporter-output>
          </reporter-output>
        </test-method> <!-- validateLogoutFuctionality -->
      </class> <!-- com.sstech.TestCase.TestLogOutFunctionality -->
    </test> <!-- Default test -->
  </suite> <!-- Default suite -->
</testng-results>
